0 info it worked if it ends with ok
1 verbose cli [ 'C:\\Program Files\\nodejs\\node.exe',
1 verbose cli   'C:\\Program Files\\nodejs\\node_modules\\npm\\bin\\npm-cli.js',
1 verbose cli   'run',
1 verbose cli   'watchjs' ]
2 info using npm@3.10.10
3 info using node@v6.10.3
4 verbose run-script [ 'prewatchjs', 'watchjs', 'postwatchjs' ]
5 info lifecycle pt@1.0.0~prewatchjs: pt@1.0.0
6 silly lifecycle pt@1.0.0~prewatchjs: no script for prewatchjs, continuing
7 info lifecycle pt@1.0.0~watchjs: pt@1.0.0
8 verbose lifecycle pt@1.0.0~watchjs: unsafe-perm in lifecycle true
9 verbose lifecycle pt@1.0.0~watchjs: PATH: C:\Program Files\nodejs\node_modules\npm\bin\node-gyp-bin;C:\Users\Alle\WebstormProjects\PT\pt folder\node_modules\.bin;C:\Program Files\Git\mingw64\bin;C:\Program Files\Git\usr\bin;C:\Users\Alle\bin;C:\WINDOWS\system32;C:\WINDOWS;C:\WINDOWS\System32\Wbem;C:\WINDOWS\System32\WindowsPowerShell\v1.0;C:\Program Files\Git\cmd;C:\Program Files\nodejs;C:\Ruby24-x64\bin;C:\Users\Alle\AppData\Local\Microsoft\WindowsApps;C:\Users\Alle\AppData\Roaming\npm
10 verbose lifecycle pt@1.0.0~watchjs: CWD: C:\Users\Alle\WebstormProjects\PT\pt folder
11 silly lifecycle pt@1.0.0~watchjs: Args: [ '/d /s /c',
11 silly lifecycle   'watchify public/javascripts/main.js -o public/javascripts/bundle.js -v' ]
12 verbose stack Error: kill ENOSYS
12 verbose stack     at exports._errnoException (util.js:1018:11)
12 verbose stack     at process.kill (internal/process.js:190:13)
12 verbose stack     at process.listener (C:\Program Files\nodejs\node_modules\npm\node_modules\npmlog\node_modules\gauge\node_modules\signal-exit\index.js:86:15)
12 verbose stack     at emitNone (events.js:91:20)
12 verbose stack     at process.emit (events.js:185:7)
12 verbose stack     at processEmit (C:\Program Files\nodejs\node_modules\npm\node_modules\npmlog\node_modules\gauge\node_modules\signal-exit\index.js:146:32)
12 verbose stack     at processEmit (C:\Program Files\nodejs\node_modules\npm\node_modules\npm-registry-client\node_modules\npmlog\node_modules\gauge\node_modules\signal-exit\index.js:146:32)
12 verbose stack     at Signal.wrap.onsignal (internal/process.js:217:44)
13 verbose cwd C:\Users\Alle\WebstormProjects\PT\pt folder\public\javascripts
14 error Windows_NT 10.0.14393
15 error argv "C:\\Program Files\\nodejs\\node.exe" "C:\\Program Files\\nodejs\\node_modules\\npm\\bin\\npm-cli.js" "run" "watchjs"
16 error node v6.10.3
17 error npm  v3.10.10
18 error code ENOSYS
19 error errno ENOSYS
20 error syscall kill
21 error kill ENOSYS
22 error If you need help, you may report this error at:
22 error     <https://github.com/npm/npm/issues>
23 verbose exit [ 1, true ]
